07-15 18:08:53 com_github_MitjaNemec_ReplicateLayout.action_replicate_layout 359:Plugin executed on: 'win32'
07-15 18:08:53 com_github_MitjaNemec_ReplicateLayout.action_replicate_layout 360:Plugin executed with python version: '3.9.14 (main, Feb 13 2023, 04:48:26) [MSC v.1934 64 bit (AMD64)]'
07-15 18:08:53 com_github_MitjaNemec_ReplicateLayout.action_replicate_layout 361:KiCad build version: 7.0.1
07-15 18:08:53 com_github_MitjaNemec_ReplicateLayout.action_replicate_layout 362:Plugin version: 2.0.10
07-15 18:08:53 com_github_MitjaNemec_ReplicateLayout.action_replicate_layout 363:Frame repr: <wx._core.Frame object at 0x000001FF2317F040>
07-15 18:08:53 com_github_MitjaNemec_ReplicateLayout.action_replicate_layout 387:Preparing replicator with Q10 as a reference
07-15 18:08:53 com_github_MitjaNemec_ReplicateLayout.replicate_layout 113:getting a list of all footprints on board
07-15 18:08:53 com_github_MitjaNemec_ReplicateLayout.action_replicate_layout 435:source anchor footprint is 'Q10'
Located on: ['Power Stage2']
With filenames: ['Power Stage.kicad_sch']
With sheet_id:['Power Stage2']
07-15 18:08:53 com_github_MitjaNemec_ReplicateLayout.action_replicate_layout 442:Corresponding footprints are 
[('Q10', ['Power Stage2']), ('Q9', ['Power Stage1']), ('Q8', ['Power Stage'])]
07-15 18:08:53 com_github_MitjaNemec_ReplicateLayout.action_replicate_layout 454:Showing dialog
07-15 18:08:53 com_github_MitjaNemec_ReplicateLayout.replicate_layout 390:constructing a list of sheets suitable for replication on level:'Power Stage2', file:'Power Stage.kicad_sch'
07-15 18:08:53 com_github_MitjaNemec_ReplicateLayout.replicate_layout 427:suitable sheets are:[['Power Stage'], ['Power Stage1']]
07-15 18:08:53 com_github_MitjaNemec_ReplicateLayout.replicate_layout 1347:Level selected: ['Power Stage2']
07-15 18:08:53 com_github_MitjaNemec_ReplicateLayout.replicate_layout 1182:Filtering list of tracks
07-15 18:08:53 com_github_MitjaNemec_ReplicateLayout.action_replicate_layout 460:Toolbar position: wx.Point(-45, 109)
07-15 18:08:53 com_github_MitjaNemec_ReplicateLayout.action_replicate_layout 465:Dialog position: wx.Point(-409, 109)
07-15 18:08:55 com_github_MitjaNemec_ReplicateLayout.replicate_layout 390:constructing a list of sheets suitable for replication on level:'Power Stage2', file:'Power Stage.kicad_sch'
07-15 18:08:55 com_github_MitjaNemec_ReplicateLayout.replicate_layout 427:suitable sheets are:[['Power Stage'], ['Power Stage1']]
07-15 18:08:55 com_github_MitjaNemec_ReplicateLayout.action_replicate_layout 207:Replicating layout
07-15 18:08:55 com_github_MitjaNemec_ReplicateLayout.replicate_layout 236:Starting replication of sheets: [['Power Stage'], ['Power Stage1']]
on level: ['Power Stage2']
with tracks=True, zone=True, text=True, text=True, intersecting=False, remove=False, locked footprints=False, group_only=False
07-15 18:08:55 root 299:updating GUI message: 'Preparing for replication'
07-15 18:08:55 root 304:updating GUI with: 0
07-15 18:08:55 com_github_MitjaNemec_ReplicateLayout.replicate_layout 306:Getting the list of source footprints
07-15 18:08:55 com_github_MitjaNemec_ReplicateLayout.replicate_layout 316:Getting the list of all the remaining footprints
07-15 18:08:55 com_github_MitjaNemec_ReplicateLayout.replicate_layout 323:Getting source tracks
07-15 18:08:55 com_github_MitjaNemec_ReplicateLayout.replicate_layout 1182:Filtering list of tracks
07-15 18:08:55 com_github_MitjaNemec_ReplicateLayout.replicate_layout 327:Getting source zones
07-15 18:08:55 com_github_MitjaNemec_ReplicateLayout.replicate_layout 331:Getting source text items
07-15 18:08:55 com_github_MitjaNemec_ReplicateLayout.replicate_layout 335:Getting source drawing items
07-15 18:08:55 root 299:updating GUI message: 'Replicating footprints'
07-15 18:08:55 com_github_MitjaNemec_ReplicateLayout.replicate_layout 739:Replicating footprints
07-15 18:08:55 com_github_MitjaNemec_ReplicateLayout.replicate_layout 745:Replicating footprints on sheet ['Power Stage']
07-15 18:08:55 root 304:updating GUI with: 4
07-15 18:08:55 com_github_MitjaNemec_ReplicateLayout.replicate_layout 745:Replicating footprints on sheet ['Power Stage1']
07-15 18:08:55 root 299:updating GUI message: 'Replicating tracks'
07-15 18:08:55 com_github_MitjaNemec_ReplicateLayout.replicate_layout 904:Replicating tracks
07-15 18:08:55 com_github_MitjaNemec_ReplicateLayout.replicate_layout 910:Replicating tracks on sheet ['Power Stage']
07-15 18:08:55 com_github_MitjaNemec_ReplicateLayout.replicate_layout 734:Net pairs for sheet ['Power Stage'] :[('Net-(U15-+)', 'Net-(U8-+)'), ('/MCU/TIM_CH3', '/MCU/TIM_CH1'), ('Net-(J5-Pin_1)', 'Net-(J3-Pin_1)'), ('Net-(Q3-G)', 'Net-(Q1-G)'), ('Net-(Q6-G)', 'Net-(Q4-G)'), ('/MCU/TIM_CH3N', '/MCU/TIM_CH1N'), ('Net-(D7-K)', 'Net-(D1-K)'), ('Net-(Q13-G)', 'Net-(Q11-G)'), ('+12V', '+12V'), ('GND', 'GND'), ('+5V', '+5V'), ('VBUS', 'VBUS'), ('/MCU/ADC1_IN3', '/MCU/ADC1_IN1'), ('Net-(U14-LO)', 'Net-(U3-LO)'), ('VREF_OUT', 'VREF_OUT'), ('Net-(Q10-D)', 'Net-(Q1-S)'), ('', ''), ('Net-(U15--)', 'Net-(U8--)'), ('/MCU/ADC2_IN12', '/MCU/ADC2_IN5'), ('Net-(U14-HO)', 'Net-(U3-HO)'), ('Net-(Q10-G)', 'Net-(Q8-G)')]
07-15 18:08:55 com_github_MitjaNemec_ReplicateLayout.replicate_layout 910:Replicating tracks on sheet ['Power Stage1']
07-15 18:08:55 com_github_MitjaNemec_ReplicateLayout.replicate_layout 734:Net pairs for sheet ['Power Stage1'] :[('/MCU/ADC1_IN3', '/MCU/ADC1_IN2'), ('Net-(Q10-D)', 'Net-(Q12-D)'), ('Net-(U14-HO)', 'Net-(U12-HO)'), ('/MCU/TIM_CH3N', '/MCU/TIM_CH2N'), ('Net-(Q13-G)', 'Net-(Q12-G)'), ('Net-(J5-Pin_1)', 'Net-(J4-Pin_1)'), ('/MCU/ADC2_IN12', '/MCU/ADC2_IN10'), ('Net-(Q6-G)', 'Net-(Q5-G)'), ('Net-(U14-LO)', 'Net-(U12-LO)'), ('+12V', '+12V'), ('Net-(Q3-G)', 'Net-(Q2-G)'), ('/MCU/TIM_CH3', '/MCU/TIM_CH2'), ('GND', 'GND'), ('+5V', '+5V'), ('VBUS', 'VBUS'), ('Net-(D7-K)', 'Net-(D6-K)'), ('VREF_OUT', 'VREF_OUT'), ('Net-(U15--)', 'Net-(U13--)'), ('Net-(Q10-G)', 'Net-(Q9-G)'), ('', ''), ('Net-(U15-+)', 'Net-(U13-+)')]
07-15 18:08:55 root 304:updating GUI with: 59
07-15 18:08:55 root 299:updating GUI message: 'Replicating zones'
07-15 18:08:55 com_github_MitjaNemec_ReplicateLayout.replicate_layout 962:Replicating zones
07-15 18:08:55 com_github_MitjaNemec_ReplicateLayout.replicate_layout 969:Replicating zones on sheet ['Power Stage']
07-15 18:08:55 com_github_MitjaNemec_ReplicateLayout.replicate_layout 734:Net pairs for sheet ['Power Stage'] :[('Net-(U15-+)', 'Net-(U8-+)'), ('/MCU/TIM_CH3', '/MCU/TIM_CH1'), ('Net-(J5-Pin_1)', 'Net-(J3-Pin_1)'), ('Net-(Q3-G)', 'Net-(Q1-G)'), ('Net-(Q6-G)', 'Net-(Q4-G)'), ('/MCU/TIM_CH3N', '/MCU/TIM_CH1N'), ('Net-(D7-K)', 'Net-(D1-K)'), ('Net-(Q13-G)', 'Net-(Q11-G)'), ('+12V', '+12V'), ('GND', 'GND'), ('+5V', '+5V'), ('VBUS', 'VBUS'), ('/MCU/ADC1_IN3', '/MCU/ADC1_IN1'), ('Net-(U14-LO)', 'Net-(U3-LO)'), ('VREF_OUT', 'VREF_OUT'), ('Net-(Q10-D)', 'Net-(Q1-S)'), ('', ''), ('Net-(U15--)', 'Net-(U8--)'), ('/MCU/ADC2_IN12', '/MCU/ADC2_IN5'), ('Net-(U14-HO)', 'Net-(U3-HO)'), ('Net-(Q10-G)', 'Net-(Q8-G)')]
07-15 18:08:55 com_github_MitjaNemec_ReplicateLayout.replicate_layout 969:Replicating zones on sheet ['Power Stage1']
07-15 18:08:55 com_github_MitjaNemec_ReplicateLayout.replicate_layout 734:Net pairs for sheet ['Power Stage1'] :[('/MCU/ADC1_IN3', '/MCU/ADC1_IN2'), ('Net-(Q10-D)', 'Net-(Q12-D)'), ('Net-(U14-HO)', 'Net-(U12-HO)'), ('/MCU/TIM_CH3N', '/MCU/TIM_CH2N'), ('Net-(Q13-G)', 'Net-(Q12-G)'), ('Net-(J5-Pin_1)', 'Net-(J4-Pin_1)'), ('/MCU/ADC2_IN12', '/MCU/ADC2_IN10'), ('Net-(Q6-G)', 'Net-(Q5-G)'), ('Net-(U14-LO)', 'Net-(U12-LO)'), ('+12V', '+12V'), ('Net-(Q3-G)', 'Net-(Q2-G)'), ('/MCU/TIM_CH3', '/MCU/TIM_CH2'), ('GND', 'GND'), ('+5V', '+5V'), ('VBUS', 'VBUS'), ('Net-(D7-K)', 'Net-(D6-K)'), ('VREF_OUT', 'VREF_OUT'), ('Net-(U15--)', 'Net-(U13--)'), ('Net-(Q10-G)', 'Net-(Q9-G)'), ('', ''), ('Net-(U15-+)', 'Net-(U13-+)')]
07-15 18:08:55 root 299:updating GUI message: 'Replicating text'
07-15 18:08:55 com_github_MitjaNemec_ReplicateLayout.replicate_layout 1040:Replicating text
07-15 18:08:55 com_github_MitjaNemec_ReplicateLayout.replicate_layout 1047:Replicating text on sheet ['Power Stage']
07-15 18:08:55 com_github_MitjaNemec_ReplicateLayout.replicate_layout 1047:Replicating text on sheet ['Power Stage1']
07-15 18:08:55 root 299:updating GUI message: 'Replicating drawings'
07-15 18:08:55 com_github_MitjaNemec_ReplicateLayout.replicate_layout 1080:Replicating drawings
07-15 18:08:55 com_github_MitjaNemec_ReplicateLayout.replicate_layout 1086:Replicating drawings on sheet ['Power Stage']
07-15 18:08:55 com_github_MitjaNemec_ReplicateLayout.replicate_layout 1086:Replicating drawings on sheet ['Power Stage1']
07-15 18:08:55 com_github_MitjaNemec_ReplicateLayout.action_replicate_layout 223:Replication complete
